{"C:\\Users\\kulde\\Desktop\\project_intern\\app.js": {"path":"C:\\Users\\kulde\\Desktop\\project_intern\\app.js","statementMap":{"0":{"start":{"line":1,"column":16},"end":{"line":1,"column":34}},"1":{"start":{"line":2,"column":19},"end":{"line":2,"column":41}},"2":{"start":{"line":3,"column":18},"end":{"line":3,"column":40}},"3":{"start":{"line":4,"column":19},"end":{"line":4,"column":49}},"4":{"start":{"line":6,"column":12},"end":{"line":6,"column":21}},"5":{"start":{"line":9,"column":0},"end":{"line":9,"column":12}},"6":{"start":{"line":12,"column":0},"end":{"line":12,"column":27}},"7":{"start":{"line":15,"column":0},"end":{"line":15,"column":28}},"8":{"start":{"line":17,"column":0},"end":{"line":17,"column":21}}},"fnMap":{},"branchMap":{},"s":{"0":1,"1":1,"2":1,"3":1,"4":1,"5":1,"6":1,"7":1,"8":1},"f":{},"b":{},"_coverageSchema":"1a1c01bbd47fc00a2c39e90264f33305004495a9","hash":"3a3e1b0e0cfb2b0d796f214d3666e5f91a298710"}
,"C:\\Users\\kulde\\Desktop\\project_intern\\config\\db.js": {"path":"C:\\Users\\kulde\\Desktop\\project_intern\\config\\db.js","statementMap":{"0":{"start":{"line":1,"column":17},"end":{"line":1,"column":36}},"1":{"start":{"line":2,"column":15},"end":{"line":2,"column":32}},"2":{"start":{"line":4,"column":0},"end":{"line":4,"column":16}},"3":{"start":{"line":6,"column":18},"end":{"line":17,"column":1}},"4":{"start":{"line":7,"column":2},"end":{"line":16,"column":3}},"5":{"start":{"line":8,"column":4},"end":{"line":11,"column":7}},"6":{"start":{"line":12,"column":4},"end":{"line":12,"column":37}},"7":{"start":{"line":14,"column":4},"end":{"line":14,"column":31}},"8":{"start":{"line":15,"column":4},"end":{"line":15,"column":20}},"9":{"start":{"line":19,"column":0},"end":{"line":19,"column":27}}},"fnMap":{"0":{"name":"(anonymous_0)","decl":{"start":{"line":6,"column":18},"end":{"line":6,"column":19}},"loc":{"start":{"line":6,"column":30},"end":{"line":17,"column":1}},"line":6}},"branchMap":{},"s":{"0":1,"1":1,"2":1,"3":1,"4":1,"5":1,"6":1,"7":0,"8":0,"9":1},"f":{"0":1},"b":{},"_coverageSchema":"1a1c01bbd47fc00a2c39e90264f33305004495a9","hash":"25e6153ba168b91915f3a928cfa1121912a62f52"}
,"C:\\Users\\kulde\\Desktop\\project_intern\\controllers\\userController.js": {"path":"C:\\Users\\kulde\\Desktop\\project_intern\\controllers\\userController.js","statementMap":{"0":{"start":{"line":1,"column":20},"end":{"line":1,"column":54}},"1":{"start":{"line":2,"column":41},"end":{"line":2,"column":79}},"2":{"start":{"line":4,"column":0},"end":{"line":12,"column":2}},"3":{"start":{"line":5,"column":2},"end":{"line":11,"column":3}},"4":{"start":{"line":6,"column":18},"end":{"line":6,"column":49}},"5":{"start":{"line":7,"column":4},"end":{"line":7,"column":32}},"6":{"start":{"line":9,"column":4},"end":{"line":9,"column":25}},"7":{"start":{"line":10,"column":4},"end":{"line":10,"column":52}},"8":{"start":{"line":14,"column":0},"end":{"line":25,"column":2}},"9":{"start":{"line":15,"column":2},"end":{"line":24,"column":3}},"10":{"start":{"line":16,"column":23},"end":{"line":16,"column":33}},"11":{"start":{"line":17,"column":4},"end":{"line":17,"column":27}},"12":{"start":{"line":18,"column":17},"end":{"line":18,"column":54}},"13":{"start":{"line":19,"column":4},"end":{"line":19,"column":72}},"14":{"start":{"line":19,"column":15},"end":{"line":19,"column":72}},"15":{"start":{"line":20,"column":4},"end":{"line":20,"column":31}},"16":{"start":{"line":22,"column":4},"end":{"line":22,"column":25}},"17":{"start":{"line":23,"column":4},"end":{"line":23,"column":52}},"18":{"start":{"line":27,"column":0},"end":{"line":37,"column":2}},"19":{"start":{"line":28,"column":2},"end":{"line":36,"column":3}},"20":{"start":{"line":29,"column":21},"end":{"line":29,"column":29}},"21":{"start":{"line":30,"column":4},"end":{"line":30,"column":27}},"22":{"start":{"line":31,"column":17},"end":{"line":31,"column":55}},"23":{"start":{"line":32,"column":4},"end":{"line":32,"column":31}},"24":{"start":{"line":34,"column":4},"end":{"line":34,"column":25}},"25":{"start":{"line":35,"column":4},"end":{"line":35,"column":52}},"26":{"start":{"line":39,"column":0},"end":{"line":52,"column":2}},"27":{"start":{"line":40,"column":2},"end":{"line":51,"column":3}},"28":{"start":{"line":41,"column":23},"end":{"line":41,"column":33}},"29":{"start":{"line":42,"column":21},"end":{"line":42,"column":29}},"30":{"start":{"line":43,"column":4},"end":{"line":43,"column":27}},"31":{"start":{"line":44,"column":4},"end":{"line":44,"column":27}},"32":{"start":{"line":45,"column":17},"end":{"line":45,"column":63}},"33":{"start":{"line":46,"column":4},"end":{"line":46,"column":72}},"34":{"start":{"line":46,"column":15},"end":{"line":46,"column":72}},"35":{"start":{"line":47,"column":4},"end":{"line":47,"column":31}},"36":{"start":{"line":49,"column":4},"end":{"line":49,"column":25}},"37":{"start":{"line":50,"column":4},"end":{"line":50,"column":52}},"38":{"start":{"line":54,"column":0},"end":{"line":65,"column":2}},"39":{"start":{"line":55,"column":2},"end":{"line":64,"column":3}},"40":{"start":{"line":56,"column":23},"end":{"line":56,"column":33}},"41":{"start":{"line":57,"column":4},"end":{"line":57,"column":27}},"42":{"start":{"line":58,"column":17},"end":{"line":58,"column":57}},"43":{"start":{"line":59,"column":4},"end":{"line":59,"column":72}},"44":{"start":{"line":59,"column":15},"end":{"line":59,"column":72}},"45":{"start":{"line":60,"column":4},"end":{"line":60,"column":67}},"46":{"start":{"line":62,"column":4},"end":{"line":62,"column":25}},"47":{"start":{"line":63,"column":4},"end":{"line":63,"column":52}}},"fnMap":{"0":{"name":"(anonymous_0)","decl":{"start":{"line":4,"column":22},"end":{"line":4,"column":23}},"loc":{"start":{"line":4,"column":42},"end":{"line":12,"column":1}},"line":4},"1":{"name":"(anonymous_1)","decl":{"start":{"line":14,"column":22},"end":{"line":14,"column":23}},"loc":{"start":{"line":14,"column":42},"end":{"line":25,"column":1}},"line":14},"2":{"name":"(anonymous_2)","decl":{"start":{"line":27,"column":21},"end":{"line":27,"column":22}},"loc":{"start":{"line":27,"column":41},"end":{"line":37,"column":1}},"line":27},"3":{"name":"(anonymous_3)","decl":{"start":{"line":39,"column":21},"end":{"line":39,"column":22}},"loc":{"start":{"line":39,"column":41},"end":{"line":52,"column":1}},"line":39},"4":{"name":"(anonymous_4)","decl":{"start":{"line":54,"column":25},"end":{"line":54,"column":26}},"loc":{"start":{"line":54,"column":45},"end":{"line":65,"column":1}},"line":54}},"branchMap":{"0":{"loc":{"start":{"line":19,"column":4},"end":{"line":19,"column":72}},"type":"if","locations":[{"start":{"line":19,"column":4},"end":{"line":19,"column":72}},{"start":{},"end":{}}],"line":19},"1":{"loc":{"start":{"line":46,"column":4},"end":{"line":46,"column":72}},"type":"if","locations":[{"start":{"line":46,"column":4},"end":{"line":46,"column":72}},{"start":{},"end":{}}],"line":46},"2":{"loc":{"start":{"line":59,"column":4},"end":{"line":59,"column":72}},"type":"if","locations":[{"start":{"line":59,"column":4},"end":{"line":59,"column":72}},{"start":{},"end":{}}],"line":59}},"s":{"0":1,"1":1,"2":1,"3":0,"4":0,"5":0,"6":0,"7":0,"8":1,"9":0,"10":0,"11":0,"12":0,"13":0,"14":0,"15":0,"16":0,"17":0,"18":1,"19":0,"20":0,"21":0,"22":0,"23":0,"24":0,"25":0,"26":1,"27":0,"28":0,"29":0,"30":0,"31":0,"32":0,"33":0,"34":0,"35":0,"36":0,"37":0,"38":1,"39":0,"40":0,"41":0,"42":0,"43":0,"44":0,"45":0,"46":0,"47":0},"f":{"0":0,"1":0,"2":0,"3":0,"4":0},"b":{"0":[0,0],"1":[0,0],"2":[0,0]},"_coverageSchema":"1a1c01bbd47fc00a2c39e90264f33305004495a9","hash":"f610055ceb964054b29202428e4a2acd0b08e106"}
,"C:\\Users\\kulde\\Desktop\\project_intern\\daos\\userDao.js": {"path":"C:\\Users\\kulde\\Desktop\\project_intern\\daos\\userDao.js","statementMap":{"0":{"start":{"line":1,"column":13},"end":{"line":1,"column":43}},"1":{"start":{"line":3,"column":0},"end":{"line":5,"column":2}},"2":{"start":{"line":4,"column":2},"end":{"line":4,"column":47}},"3":{"start":{"line":7,"column":0},"end":{"line":9,"column":2}},"4":{"start":{"line":8,"column":2},"end":{"line":8,"column":65}},"5":{"start":{"line":11,"column":0},"end":{"line":14,"column":2}},"6":{"start":{"line":12,"column":15},"end":{"line":12,"column":33}},"7":{"start":{"line":13,"column":2},"end":{"line":13,"column":27}},"8":{"start":{"line":16,"column":0},"end":{"line":18,"column":2}},"9":{"start":{"line":17,"column":2},"end":{"line":17,"column":99}},"10":{"start":{"line":20,"column":0},"end":{"line":22,"column":2}},"11":{"start":{"line":21,"column":2},"end":{"line":21,"column":82}}},"fnMap":{"0":{"name":"(anonymous_0)","decl":{"start":{"line":3,"column":22},"end":{"line":3,"column":23}},"loc":{"start":{"line":3,"column":34},"end":{"line":5,"column":1}},"line":3},"1":{"name":"(anonymous_1)","decl":{"start":{"line":7,"column":22},"end":{"line":7,"column":23}},"loc":{"start":{"line":7,"column":40},"end":{"line":9,"column":1}},"line":7},"2":{"name":"(anonymous_2)","decl":{"start":{"line":11,"column":21},"end":{"line":11,"column":22}},"loc":{"start":{"line":11,"column":41},"end":{"line":14,"column":1}},"line":11},"3":{"name":"(anonymous_3)","decl":{"start":{"line":16,"column":21},"end":{"line":16,"column":22}},"loc":{"start":{"line":16,"column":49},"end":{"line":18,"column":1}},"line":16},"4":{"name":"(anonymous_4)","decl":{"start":{"line":20,"column":25},"end":{"line":20,"column":26}},"loc":{"start":{"line":20,"column":43},"end":{"line":22,"column":1}},"line":20}},"branchMap":{},"s":{"0":1,"1":1,"2":0,"3":1,"4":0,"5":1,"6":0,"7":0,"8":1,"9":0,"10":1,"11":0},"f":{"0":0,"1":0,"2":0,"3":0,"4":0},"b":{},"_coverageSchema":"1a1c01bbd47fc00a2c39e90264f33305004495a9","hash":"ab7ffca829707a3aeac9a978592bae3866a8289e"}
,"C:\\Users\\kulde\\Desktop\\project_intern\\middleware\\authMiddleware.js": {"path":"C:\\Users\\kulde\\Desktop\\project_intern\\middleware\\authMiddleware.js","statementMap":{"0":{"start":{"line":1,"column":12},"end":{"line":1,"column":35}},"1":{"start":{"line":2,"column":15},"end":{"line":2,"column":32}},"2":{"start":{"line":4,"column":0},"end":{"line":4,"column":16}},"3":{"start":{"line":6,"column":23},"end":{"line":17,"column":1}},"4":{"start":{"line":7,"column":16},"end":{"line":7,"column":66}},"5":{"start":{"line":8,"column":2},"end":{"line":8,"column":90}},"6":{"start":{"line":8,"column":14},"end":{"line":8,"column":90}},"7":{"start":{"line":10,"column":2},"end":{"line":16,"column":3}},"8":{"start":{"line":11,"column":20},"end":{"line":11,"column":61}},"9":{"start":{"line":12,"column":4},"end":{"line":12,"column":23}},"10":{"start":{"line":13,"column":4},"end":{"line":13,"column":11}},"11":{"start":{"line":15,"column":4},"end":{"line":15,"column":54}},"12":{"start":{"line":19,"column":0},"end":{"line":19,"column":32}}},"fnMap":{"0":{"name":"(anonymous_0)","decl":{"start":{"line":6,"column":23},"end":{"line":6,"column":24}},"loc":{"start":{"line":6,"column":43},"end":{"line":17,"column":1}},"line":6}},"branchMap":{"0":{"loc":{"start":{"line":8,"column":2},"end":{"line":8,"column":90}},"type":"if","locations":[{"start":{"line":8,"column":2},"end":{"line":8,"column":90}},{"start":{},"end":{}}],"line":8}},"s":{"0":1,"1":1,"2":1,"3":1,"4":2,"5":0,"6":0,"7":0,"8":0,"9":0,"10":0,"11":0,"12":1},"f":{"0":2},"b":{"0":[0,0]},"_coverageSchema":"1a1c01bbd47fc00a2c39e90264f33305004495a9","hash":"51abe47a2f3cb0c5d538bed4dbafd5afb851f51e"}
,"C:\\Users\\kulde\\Desktop\\project_intern\\models\\userModel.js": {"path":"C:\\Users\\kulde\\Desktop\\project_intern\\models\\userModel.js","statementMap":{"0":{"start":{"line":1,"column":17},"end":{"line":1,"column":36}},"1":{"start":{"line":3,"column":19},"end":{"line":10,"column":2}},"2":{"start":{"line":12,"column":13},"end":{"line":12,"column":47}},"3":{"start":{"line":13,"column":0},"end":{"line":13,"column":22}}},"fnMap":{},"branchMap":{},"s":{"0":1,"1":1,"2":1,"3":1},"f":{},"b":{},"_coverageSchema":"1a1c01bbd47fc00a2c39e90264f33305004495a9","hash":"6b68a1f3d78b702b54525b1d0db45b9f8df509d0"}
,"C:\\Users\\kulde\\Desktop\\project_intern\\routes\\userRoutes.js": {"path":"C:\\Users\\kulde\\Desktop\\project_intern\\routes\\userRoutes.js","statementMap":{"0":{"start":{"line":1,"column":16},"end":{"line":1,"column":34}},"1":{"start":{"line":2,"column":15},"end":{"line":2,"column":31}},"2":{"start":{"line":3,"column":23},"end":{"line":3,"column":63}},"3":{"start":{"line":4,"column":23},"end":{"line":4,"column":62}},"4":{"start":{"line":6,"column":0},"end":{"line":6,"column":70}},"5":{"start":{"line":7,"column":0},"end":{"line":7,"column":78}},"6":{"start":{"line":8,"column":0},"end":{"line":8,"column":70}},"7":{"start":{"line":9,"column":0},"end":{"line":9,"column":77}},"8":{"start":{"line":10,"column":0},"end":{"line":10,"column":79}},"9":{"start":{"line":11,"column":0},"end":{"line":11,"column":84}},"10":{"start":{"line":13,"column":0},"end":{"line":13,"column":24}}},"fnMap":{},"branchMap":{},"s":{"0":1,"1":1,"2":1,"3":1,"4":1,"5":1,"6":1,"7":1,"8":1,"9":1,"10":1},"f":{},"b":{},"_coverageSchema":"1a1c01bbd47fc00a2c39e90264f33305004495a9","hash":"47719960aa97154b4f18f3c569d514804d0e4ba9"}
,"C:\\Users\\kulde\\Desktop\\project_intern\\services\\userService.js": {"path":"C:\\Users\\kulde\\Desktop\\project_intern\\services\\userService.js","statementMap":{"0":{"start":{"line":1,"column":16},"end":{"line":1,"column":42}},"1":{"start":{"line":3,"column":0},"end":{"line":5,"column":2}},"2":{"start":{"line":4,"column":2},"end":{"line":4,"column":37}},"3":{"start":{"line":7,"column":0},"end":{"line":9,"column":2}},"4":{"start":{"line":8,"column":2},"end":{"line":8,"column":43}},"5":{"start":{"line":11,"column":0},"end":{"line":13,"column":2}},"6":{"start":{"line":12,"column":2},"end":{"line":12,"column":44}},"7":{"start":{"line":15,"column":0},"end":{"line":17,"column":2}},"8":{"start":{"line":16,"column":2},"end":{"line":16,"column":52}},"9":{"start":{"line":19,"column":0},"end":{"line":21,"column":2}},"10":{"start":{"line":20,"column":2},"end":{"line":20,"column":46}}},"fnMap":{"0":{"name":"(anonymous_0)","decl":{"start":{"line":3,"column":22},"end":{"line":3,"column":23}},"loc":{"start":{"line":3,"column":34},"end":{"line":5,"column":1}},"line":3},"1":{"name":"(anonymous_1)","decl":{"start":{"line":7,"column":22},"end":{"line":7,"column":23}},"loc":{"start":{"line":7,"column":40},"end":{"line":9,"column":1}},"line":7},"2":{"name":"(anonymous_2)","decl":{"start":{"line":11,"column":21},"end":{"line":11,"column":22}},"loc":{"start":{"line":11,"column":41},"end":{"line":13,"column":1}},"line":11},"3":{"name":"(anonymous_3)","decl":{"start":{"line":15,"column":21},"end":{"line":15,"column":22}},"loc":{"start":{"line":15,"column":49},"end":{"line":17,"column":1}},"line":15},"4":{"name":"(anonymous_4)","decl":{"start":{"line":19,"column":25},"end":{"line":19,"column":26}},"loc":{"start":{"line":19,"column":43},"end":{"line":21,"column":1}},"line":19}},"branchMap":{},"s":{"0":1,"1":1,"2":0,"3":1,"4":0,"5":1,"6":0,"7":1,"8":0,"9":1,"10":0},"f":{"0":0,"1":0,"2":0,"3":0,"4":0},"b":{},"_coverageSchema":"1a1c01bbd47fc00a2c39e90264f33305004495a9","hash":"a8a07ba92f2e229de52b5090aa51c7d66ccfd100"}
,"C:\\Users\\kulde\\Desktop\\project_intern\\validators\\userValidator.js": {"path":"C:\\Users\\kulde\\Desktop\\project_intern\\validators\\userValidator.js","statementMap":{"0":{"start":{"line":1,"column":12},"end":{"line":1,"column":26}},"1":{"start":{"line":3,"column":21},"end":{"line":12,"column":1}},"2":{"start":{"line":4,"column":17},"end":{"line":10,"column":4}},"3":{"start":{"line":11,"column":2},"end":{"line":11,"column":31}},"4":{"start":{"line":14,"column":23},"end":{"line":19,"column":1}},"5":{"start":{"line":15,"column":17},"end":{"line":17,"column":4}},"6":{"start":{"line":18,"column":2},"end":{"line":18,"column":31}},"7":{"start":{"line":21,"column":0},"end":{"line":24,"column":2}}},"fnMap":{"0":{"name":"(anonymous_0)","decl":{"start":{"line":3,"column":21},"end":{"line":3,"column":22}},"loc":{"start":{"line":3,"column":31},"end":{"line":12,"column":1}},"line":3},"1":{"name":"(anonymous_1)","decl":{"start":{"line":14,"column":23},"end":{"line":14,"column":24}},"loc":{"start":{"line":14,"column":33},"end":{"line":19,"column":1}},"line":14}},"branchMap":{},"s":{"0":1,"1":1,"2":0,"3":0,"4":1,"5":0,"6":0,"7":1},"f":{"0":0,"1":0},"b":{},"_coverageSchema":"1a1c01bbd47fc00a2c39e90264f33305004495a9","hash":"f280a226059219c0e518a0c45ef09116630a84fc"}
}
